1659965144977	geckodriver	INFO	Listening on 127.0.0.1:57854
1659965147029	mozrunner::runner	INFO	Running command: "C:\\Program Files\\Firefox Developer Edition\\firefox.exe" "--marionette" "--remote-debugging-port" "57855" "--remote-allow-hosts" "localhost" "-no-remote" "-profile" "C:\\Users\\User\\AppData\\Local\\Temp\\rust_mozprofileIOTa7N"
1659965169276	geckodriver	INFO	Listening on 127.0.0.1:57877
1659965171294	mozrunner::runner	INFO	Running command: "C:\\Program Files\\Firefox Developer Edition\\firefox.exe" "--marionette" "--remote-debugging-port" "57878" "--remote-allow-hosts" "localhost" "-no-remote" "-profile" "C:\\Users\\User\\AppData\\Local\\Temp\\rust_mozprofileSiL4mh"
1659965172878	Marionette	INFO	Marionette enabled
1659965172885	Marionette	INFO	Listening on port 57887
WebDriver BiDi listening on ws://localhost:57878
Read port: 57887
1659965173024	RemoteAgent	WARN	TLS certificate errors will be ignored for this session
console.warn: SearchSettings: "get: No settings file exists, new profile?" (new NotFoundError("Could not open the file at C:\\Users\\User\\AppData\\Local\\Temp\\rust_mozprofileSiL4mh\\search.json.mozlz4", (void 0)))
DevTools listening on ws://localhost:57878/devtools/browser/fd4bc52c-a868-48d7-9cda-25039b760a14
1659965182507	Marionette	INFO	Stopped listening on port 57887
console.warn: TopSitesFeed: Failed to fetch data from Contile server: NetworkError when attempting to fetch resource.
1659965268346	geckodriver	INFO	Listening on 127.0.0.1:57923
1659965270384	mozrunner::runner	INFO	Running command: "C:\\Program Files\\Firefox Developer Edition\\firefox.exe" "--marionette" "--remote-debugging-port" "57924" "--remote-allow-hosts" "localhost" "-no-remote" "-profile" "C:\\Users\\User\\AppData\\Local\\Temp\\rust_mozprofilejxcW9r"
1659965270846	Marionette	INFO	Marionette enabled
1659965270853	Marionette	INFO	Listening on port 57933
WebDriver BiDi listening on ws://localhost:57924
Read port: 57933
1659965271112	RemoteAgent	WARN	TLS certificate errors will be ignored for this session
console.warn: SearchSettings: "get: No settings file exists, new profile?" (new NotFoundError("Could not open the file at C:\\Users\\User\\AppData\\Local\\Temp\\rust_mozprofilejxcW9r\\search.json.mozlz4", (void 0)))
DevTools listening on ws://localhost:57924/devtools/browser/72f13304-9886-45ac-a3f1-558cdc60491b
1659965311232	Marionette	INFO	Stopped listening on port 57933
console.warn: TopSitesFeed: Failed to fetch data from Contile server: NetworkError when attempting to fetch resource.
1659965340042	geckodriver	INFO	Listening on 127.0.0.1:57966
1659965342065	mozrunner::runner	INFO	Running command: "C:\\Program Files\\Firefox Developer Edition\\firefox.exe" "--marionette" "--remote-debugging-port" "57967" "--remote-allow-hosts" "localhost" "-no-remote" "-profile" "C:\\Users\\User\\AppData\\Local\\Temp\\rust_mozprofileZ52eHS"
1659965342513	Marionette	INFO	Marionette enabled
1659965342520	Marionette	INFO	Listening on port 57976
WebDriver BiDi listening on ws://localhost:57967
Read port: 57976
1659965342645	RemoteAgent	WARN	TLS certificate errors will be ignored for this session
console.warn: SearchSettings: "get: No settings file exists, new profile?" (new NotFoundError("Could not open the file at C:\\Users\\User\\AppData\\Local\\Temp\\rust_mozprofileZ52eHS\\search.json.mozlz4", (void 0)))
DevTools listening on ws://localhost:57967/devtools/browser/f08018be-02cc-4010-b391-bb3347ab52a7
1659965353486	Marionette	INFO	Stopped listening on port 57976
console.warn: TopSitesFeed: Failed to fetch data from Contile server: NetworkError when attempting to fetch resource.
1659965384355	geckodriver	INFO	Listening on 127.0.0.1:58004
1659965386384	mozrunner::runner	INFO	Running command: "C:\\Program Files\\Firefox Developer Edition\\firefox.exe" "--marionette" "--remote-debugging-port" "58005" "--remote-allow-hosts" "localhost" "-no-remote" "-profile" "C:\\Users\\User\\AppData\\Local\\Temp\\rust_mozprofilekCQAhe"
1659965386838	Marionette	INFO	Marionette enabled
1659965386845	Marionette	INFO	Listening on port 58014
WebDriver BiDi listening on ws://localhost:58005
Read port: 58014
1659965387072	RemoteAgent	WARN	TLS certificate errors will be ignored for this session
console.warn: SearchSettings: "get: No settings file exists, new profile?" (new NotFoundError("Could not open the file at C:\\Users\\User\\AppData\\Local\\Temp\\rust_mozprofilekCQAhe\\search.json.mozlz4", (void 0)))
DevTools listening on ws://localhost:58005/devtools/browser/618b66e9-8475-4391-97d7-c038d2a54e47
console.warn: LoginRecipes: "Falling back to a synchronous message for: http://suninjuly.github.io."
1659965390472	Marionette	WARN	TimedPromise timed out after 500 ms: stacktrace:
TimedPromise/<@chrome://remote/content/marionette/sync.js:236:24
TimedPromise@chrome://remote/content/marionette/sync.js:221:10
interaction.flushEventLoop@chrome://remote/content/marionette/interaction.js:431:10
webdriverClickElement@chrome://remote/content/marionette/interaction.js:179:31
JavaScript error: resource://gre/modules/Prompter.jsm, line 1188: NS_ERROR_NOT_AVAILABLE: prompt aborted by user
1659965928843	Marionette	INFO	Stopped listening on port 58014
console.warn: TopSitesFeed: Failed to fetch data from Contile server: NetworkError when attempting to fetch resource.
1659966237969	geckodriver	INFO	Listening on 127.0.0.1:58105
1659966240036	mozrunner::runner	INFO	Running command: "C:\\Program Files\\Firefox Developer Edition\\firefox.exe" "--marionette" "--remote-debugging-port" "58106" "--remote-allow-hosts" "localhost" "-no-remote" "-profile" "C:\\Users\\User\\AppData\\Local\\Temp\\rust_mozprofileKqYRTC"
1659966241154	Marionette	INFO	Marionette enabled
1659966241161	Marionette	INFO	Listening on port 58115
WebDriver BiDi listening on ws://localhost:58106
Read port: 58115
1659966241290	RemoteAgent	WARN	TLS certificate errors will be ignored for this session
console.warn: SearchSettings: "get: No settings file exists, new profile?" (new NotFoundError("Could not open the file at C:\\Users\\User\\AppData\\Local\\Temp\\rust_mozprofileKqYRTC\\search.json.mozlz4", (void 0)))
DevTools listening on ws://localhost:58106/devtools/browser/2971162c-8823-4549-a4d5-e13ee48dd0af
1659966751228	addons.xpi	ERROR	System addon update list error Error: Failed downloading XML, status: 0, reason: error
JavaScript error: , line 0: NS_ERROR_NOT_AVAILABLE
JavaScript error: resource://gre/modules/AsyncShutdown.jsm, line 576: NotFoundError: No such JSWindowActor 'DevToolsFrame'
1659969444178	Marionette	INFO	Stopped listening on port 58115
1659972886981	geckodriver	INFO	Listening on 127.0.0.1:58556
1659972889004	mozrunner::runner	INFO	Running command: "C:\\Program Files\\Firefox Developer Edition\\firefox.exe" "--marionette" "--remote-debugging-port" "58557" "--remote-allow-hosts" "localhost" "-no-remote" "-profile" "C:\\Users\\User\\AppData\\Local\\Temp\\rust_mozprofileCHNmm2"
1659972889433	Marionette	INFO	Marionette enabled
1659972889443	Marionette	INFO	Listening on port 58566
Read port: 58566
WebDriver BiDi listening on ws://localhost:58557
1659972889573	RemoteAgent	WARN	TLS certificate errors will be ignored for this session
console.warn: SearchSettings: "get: No settings file exists, new profile?" (new NotFoundError("Could not open the file at C:\\Users\\User\\AppData\\Local\\Temp\\rust_mozprofileCHNmm2\\search.json.mozlz4", (void 0)))
DevTools listening on ws://localhost:58557/devtools/browser/2e0ebfee-ff5b-422a-be4a-7e48d994ab96
1659972899644	Marionette	INFO	Stopped listening on port 58566
console.warn: TopSitesFeed: Failed to fetch data from Contile server: NetworkError when attempting to fetch resource.
1659972904392	geckodriver	INFO	Listening on 127.0.0.1:58593
1659972906413	mozrunner::runner	INFO	Running command: "C:\\Program Files\\Firefox Developer Edition\\firefox.exe" "--marionette" "--remote-debugging-port" "58594" "--remote-allow-hosts" "localhost" "-no-remote" "-profile" "C:\\Users\\User\\AppData\\Local\\Temp\\rust_mozprofile4sYrw7"
1659972907500	Marionette	INFO	Marionette enabled
1659972907508	Marionette	INFO	Listening on port 58603
WebDriver BiDi listening on ws://localhost:58594
Read port: 58603
1659972907755	RemoteAgent	WARN	TLS certificate errors will be ignored for this session
console.warn: SearchSettings: "get: No settings file exists, new profile?" (new NotFoundError("Could not open the file at C:\\Users\\User\\AppData\\Local\\Temp\\rust_mozprofile4sYrw7\\search.json.mozlz4", (void 0)))
DevTools listening on ws://localhost:58594/devtools/browser/461ce46a-f1b8-4720-8d72-3b681d0b33b9
1659972912776	Marionette	INFO	Stopped listening on port 58603
!!! error running onStopped callback: TypeError: callback is not a function
JavaScript error: chrome://remote/content/marionette/cert.js, line 57: NS_ERROR_NOT_AVAILABLE: Component returned failure code: 0x80040111 (NS_ERROR_NOT_AVAILABLE) [nsICertOverrideService.setDisableAllSecurityChecksAndLetAttackersInterceptMyData]
console.warn: TopSitesFeed: Failed to fetch data from Contile server: NetworkError when attempting to fetch resource.
1659972912910	RemoteAgent	ERROR	unable to stop listener: [Exception... "Component returned failure code: 0x80040111 (NS_ERROR_NOT_AVAILABLE) [nsICertOverrideService.setDisableAllSecurityChecksAndLetAttackersInterceptMyData]"  nsresult: "0x80040111 (NS_ERROR_NOT_AVAILABLE)"  location: "JS frame :: chrome://remote/content/marionette/cert.js :: allowAllCerts.disable :: line 57"  data: no] Stack trace: allowAllCerts.disable()@cert.js:57
destroy()@Session.jsm:206
deleteSession()@WebDriverBiDi.jsm:148
stop()@WebDriverBiDi.jsm:227
observe()@resource://gre/modules/AsyncShutdown.jsm:576
1659972942890	geckodriver	INFO	Listening on 127.0.0.1:58622
1659972944919	mozrunner::runner	INFO	Running command: "C:\\Program Files\\Firefox Developer Edition\\firefox.exe" "--marionette" "--remote-debugging-port" "58623" "--remote-allow-hosts" "localhost" "-no-remote" "-profile" "C:\\Users\\User\\AppData\\Local\\Temp\\rust_mozprofile3kk76V"
1659972946101	Marionette	INFO	Marionette enabled
1659972946110	Marionette	INFO	Listening on port 58632
WebDriver BiDi listening on ws://localhost:58623
Read port: 58632
1659972946261	RemoteAgent	WARN	TLS certificate errors will be ignored for this session
console.warn: SearchSettings: "get: No settings file exists, new profile?" (new NotFoundError("Could not open the file at C:\\Users\\User\\AppData\\Local\\Temp\\rust_mozprofile3kk76V\\search.json.mozlz4", (void 0)))
DevTools listening on ws://localhost:58623/devtools/browser/bf567f2d-868a-45d2-9cbb-fa71470a0691
console.warn: LoginRecipes: "Falling back to a synchronous message for: http://suninjuly.github.io."
1659972951880	Marionette	WARN	TimedPromise timed out after 500 ms: stacktrace:
TimedPromise/<@chrome://remote/content/marionette/sync.js:236:24
TimedPromise@chrome://remote/content/marionette/sync.js:221:10
interaction.flushEventLoop@chrome://remote/content/marionette/interaction.js:431:10
webdriverClickElement@chrome://remote/content/marionette/interaction.js:179:31
1659972960929	Marionette	INFO	Stopped listening on port 58632
console.warn: TopSitesFeed: Failed to fetch data from Contile server: NetworkError when attempting to fetch resource.
1659974476597	geckodriver	INFO	Listening on 127.0.0.1:58964
1659974478650	mozrunner::runner	INFO	Running command: "C:\\Program Files\\Firefox Developer Edition\\firefox.exe" "--marionette" "--remote-debugging-port" "58965" "--remote-allow-hosts" "localhost" "-no-remote" "-profile" "C:\\Users\\User\\AppData\\Local\\Temp\\rust_mozprofileFC1yXY"
1659974479117	Marionette	INFO	Marionette enabled
1659974479126	Marionette	INFO	Listening on port 58974
WebDriver BiDi listening on ws://localhost:58965
Read port: 58974
1659974479399	RemoteAgent	WARN	TLS certificate errors will be ignored for this session
console.warn: SearchSettings: "get: No settings file exists, new profile?" (new NotFoundError("Could not open the file at C:\\Users\\User\\AppData\\Local\\Temp\\rust_mozprofileFC1yXY\\search.json.mozlz4", (void 0)))
DevTools listening on ws://localhost:58965/devtools/browser/f0cf136e-37e2-4094-8a2b-b87fd8390b09
console.warn: LoginRecipes: "Falling back to a synchronous message for: http://suninjuly.github.io."
1659974483466	Marionette	WARN	TimedPromise timed out after 500 ms: stacktrace:
TimedPromise/<@chrome://remote/content/marionette/sync.js:236:24
TimedPromise@chrome://remote/content/marionette/sync.js:221:10
interaction.flushEventLoop@chrome://remote/content/marionette/interaction.js:431:10
webdriverClickElement@chrome://remote/content/marionette/interaction.js:179:31
1659974493503	Marionette	INFO	Stopped listening on port 58974
JavaScript error: resource://gre/modules/Prompter.jsm, line 1188: NS_ERROR_NOT_AVAILABLE: prompt aborted by user
